<?xml version="1.0" encoding="UTF-8"?>
<!-- Generated by org.testng.reporters.JUnitReportReporter -->
<testsuite hostname="DESKTOP-FVO70AG" failures="0" tests="2" name="com.actitime.testscript.CustomerModule1" time="34.574" errors="0" timestamp="2022-06-07T13:16:25 IST" skipped="0">
  <testcase classname="com.actitime.testscript.CustomerModule1" name="modifyCustomer" time="19.720"/>
  <system-out>
    <![CDATA[Modify Customer]]>
  </system-out>
  <testcase classname="com.actitime.testscript.CustomerModule1" name="createCustomer" time="14.854"/>
  <system-out>
    <![CDATA[Creatrte customer]]>
  </system-out>
</testsuite> <!-- com.actitime.testscript.CustomerModule1 -->
