<?xml version="1.0" encoding="UTF-8"?>
<!-- Generated by org.testng.reporters.JUnitReportReporter -->
<testsuite hostname="DESKTOP-FVO70AG" failures="0" tests="5" name="com.actitime.testscript.UserModule" time="0.035" errors="0" timestamp="2022-06-05T17:41:03 IST" skipped="0">
  <testcase classname="com.actitime.testscript.UserModule" name="editUser" time="0.003"/>
  <system-out>
    <![CDATA[Edit User]]>
  </system-out>
  <testcase classname="com.actitime.testscript.UserModule" name="deleteUser" time="0.008"/>
  <system-out>
    <![CDATA[Delete User]]>
  </system-out>
  <testcase classname="com.actitime.testscript.UserModule" name="modifyUser" time="0.010"/>
  <system-out>
    <![CDATA[Modify User]]>
  </system-out>
  <testcase classname="com.actitime.testscript.UserModule" name="modifyUser" time="0.006"/>
  <system-out>
    <![CDATA[Modify User]]>
  </system-out>
  <testcase classname="com.actitime.testscript.UserModule" name="createUser" time="0.008"/>
  <system-out>
    <![CDATA[Creatrte User]]>
  </system-out>
</testsuite> <!-- com.actitime.testscript.UserModule -->
