<?xml version="1.0" encoding="UTF-8"?>
<!-- Generated by org.testng.reporters.JUnitReportReporter -->
<testsuite hostname="DESKTOP-FVO70AG" failures="0" tests="4" name="com.actitime.testscript.TaskModule" time="0.058" errors="0" timestamp="2022-06-05T17:41:03 IST" skipped="0">
  <testcase classname="com.actitime.testscript.TaskModule" name="editTask" time="0.009"/>
  <system-out>
    <![CDATA[Edit Task]]>
  </system-out>
  <testcase classname="com.actitime.testscript.TaskModule" name="createTask" time="0.004"/>
  <system-out>
    <![CDATA[Creatrte Task]]>
  </system-out>
  <testcase classname="com.actitime.testscript.TaskModule" name="modifyTask" time="0.035"/>
  <system-out>
    <![CDATA[Modify Task]]>
  </system-out>
  <testcase classname="com.actitime.testscript.TaskModule" name="deleteTask" time="0.010"/>
  <system-out>
    <![CDATA[Delete Task]]>
  </system-out>
</testsuite> <!-- com.actitime.testscript.TaskModule -->
