<?xml version="1.0" encoding="UTF-8"?>
<!-- Generated by org.testng.reporters.JUnitReportReporter -->
<testsuite hostname="DESKTOP-FVO70AG" failures="0" tests="1" name="com.actitime.testscript.NewCustomerModule" time="26.898" errors="0" timestamp="2022-06-23T09:27:53 IST" skipped="0">
  <testcase classname="com.actitime.testscript.NewCustomerModule" name="testCreateCustomer" time="26.898"/>
  <system-out>
    <![CDATA[Create customer]]>
  </system-out>
</testsuite> <!-- com.actitime.testscript.NewCustomerModule -->
